{"/Users/joelengt/Desktop/Proyectos Web/riqra-saas/ads/src/index.js": {"path":"/Users/joelengt/Desktop/Proyectos Web/riqra-saas/ads/src/index.js","statementMap":{"0":{"start":{"line":1,"column":25},"end":{"line":1,"column":40}},"1":{"start":{"line":1,"column":54},"end":{"line":1,"column":83}},"2":{"start":{"line":2,"column":12},"end":{"line":2,"column":27}},"3":{"start":{"line":2,"column":41},"end":{"line":2,"column":70}},"4":{"start":{"line":3,"column":15},"end":{"line":3,"column":33}},"5":{"start":{"line":3,"column":50},"end":{"line":3,"column":82}},"6":{"start":{"line":4,"column":18},"end":{"line":4,"column":40}},"7":{"start":{"line":4,"column":60},"end":{"line":4,"column":95}},"8":{"start":{"line":4,"column":134},"end":{"line":4,"column":188}},"9":{"start":{"line":6,"column":12},"end":{"line":6,"column":55}},"10":{"start":{"line":8,"column":10},"end":{"line":8,"column":34}},"11":{"start":{"line":9,"column":11},"end":{"line":9,"column":38}},"12":{"start":{"line":10,"column":11},"end":{"line":10,"column":27}},"13":{"start":{"line":12,"column":0},"end":{"line":12,"column":37}},"14":{"start":{"line":14,"column":0},"end":{"line":18,"column":3}},"15":{"start":{"line":15,"column":2},"end":{"line":17,"column":3}},"16":{"start":{"line":16,"column":4},"end":{"line":16,"column":45}},"17":{"start":{"line":20,"column":0},"end":{"line":23,"column":3}},"18":{"start":{"line":21,"column":2},"end":{"line":21,"column":62}},"19":{"start":{"line":21,"column":11},"end":{"line":21,"column":62}},"20":{"start":{"line":22,"column":2},"end":{"line":22,"column":42}}},"fnMap":{"0":{"name":"_interopRequireDefault","decl":{"start":{"line":4,"column":105},"end":{"line":4,"column":127}},"loc":{"start":{"line":4,"column":133},"end":{"line":4,"column":189}},"line":4},"1":{"name":"(anonymous_1)","decl":{"start":{"line":14,"column":8},"end":{"line":14,"column":9}},"loc":{"start":{"line":14,"column":39},"end":{"line":18,"column":1}},"line":14},"2":{"name":"(anonymous_2)","decl":{"start":{"line":20,"column":18},"end":{"line":20,"column":19}},"loc":{"start":{"line":20,"column":33},"end":{"line":23,"column":1}},"line":20}},"branchMap":{"0":{"loc":{"start":{"line":4,"column":141},"end":{"line":4,"column":187}},"type":"cond-expr","locations":[{"start":{"line":4,"column":165},"end":{"line":4,"column":168}},{"start":{"line":4,"column":171},"end":{"line":4,"column":187}}],"line":4},"1":{"loc":{"start":{"line":4,"column":141},"end":{"line":4,"column":162}},"type":"binary-expr","locations":[{"start":{"line":4,"column":141},"end":{"line":4,"column":144}},{"start":{"line":4,"column":148},"end":{"line":4,"column":162}}],"line":4},"2":{"loc":{"start":{"line":15,"column":2},"end":{"line":17,"column":3}},"type":"if","locations":[{"start":{"line":15,"column":2},"end":{"line":17,"column":3}},{"start":{"line":15,"column":2},"end":{"line":17,"column":3}}],"line":15},"3":{"loc":{"start":{"line":21,"column":2},"end":{"line":21,"column":62}},"type":"if","locations":[{"start":{"line":21,"column":2},"end":{"line":21,"column":62}},{"start":{"line":21,"column":2},"end":{"line":21,"column":62}}],"line":21}},"s":{"0":0,"1":0,"2":0,"3":0,"4":0,"5":0,"6":0,"7":0,"8":0,"9":0,"10":0,"11":0,"12":0,"13":0,"14":0,"15":0,"16":0,"17":0,"18":0,"19":0,"20":0},"f":{"0":0,"1":0,"2":0},"b":{"0":[0,0],"1":[0,0],"2":[0,0],"3":[0,0]}}
}
